[2025-06-07T17:54:11.746Z] INFO: GET /aluno - IP: ::1
[2025-06-07T17:54:11.765Z] INFO: GET /responsavel - IP: ::1
[2025-06-07T17:54:11.766Z] INFO: GET /admin - IP: ::1
[2025-06-07T17:54:11.768Z] INFO: GET /motorista - IP: ::1
[2025-06-07T17:54:11.770Z] INFO: GET /veiculo - IP: ::1
[2025-06-07T17:54:11.771Z] INFO: GET /rota - IP: ::1
[2025-06-07T17:54:11.816Z] INFO: GET /contato/0 - IP: ::1
[2025-06-07T17:54:24.843Z] INFO: OPTIONS /auth/admin/login - IP: ::1
[2025-06-07T17:54:24.845Z] INFO: POST /auth/admin/login - IP: ::1
[2025-06-07T17:54:25.081Z] INFO: GET /aluno - IP: ::1
[2025-06-07T17:54:25.087Z] INFO: GET /veiculo - IP: ::1
[2025-06-07T17:54:25.089Z] INFO: GET /rota - IP: ::1
[2025-06-07T17:54:25.091Z] INFO: GET /responsavel - IP: ::1
[2025-06-07T17:54:25.092Z] INFO: GET /admin - IP: ::1
[2025-06-07T17:54:25.095Z] INFO: GET /motorista - IP: ::1
[2025-06-07T17:54:25.096Z] INFO: GET /contato/0 - IP: ::1
[2025-06-07T17:54:25.106Z] INFO: GET /aluno - IP: ::1
[2025-06-07T17:54:25.107Z] INFO: GET /veiculo - IP: ::1
[2025-06-07T17:54:25.109Z] INFO: GET /rota - IP: ::1
[2025-06-07T17:54:25.112Z] INFO: GET /responsavel - IP: ::1
[2025-06-07T17:54:25.113Z] INFO: GET /admin - IP: ::1
[2025-06-07T17:54:25.114Z] INFO: GET /motorista - IP: ::1
[2025-06-07T17:54:25.122Z] INFO: GET /contato/0 - IP: ::1
[2025-06-07T17:56:48.270Z] INFO: OPTIONS /auth/admin/login - IP: ::1
[2025-06-07T17:56:48.272Z] INFO: POST /auth/admin/login - IP: ::1
[2025-06-07T17:56:48.496Z] INFO: GET /aluno - IP: ::1
[2025-06-07T17:56:48.501Z] INFO: GET /responsavel - IP: ::1
[2025-06-07T17:56:48.504Z] INFO: GET /admin - IP: ::1
[2025-06-07T17:56:48.508Z] INFO: GET /motorista - IP: ::1
[2025-06-07T17:56:48.513Z] INFO: GET /veiculo - IP: ::1
[2025-06-07T17:56:48.517Z] INFO: GET /rota - IP: ::1
[2025-06-07T17:56:48.520Z] INFO: GET /contato/0 - IP: ::1
[2025-06-07T17:56:48.529Z] INFO: GET /aluno - IP: ::1
[2025-06-07T17:56:48.533Z] INFO: GET /responsavel - IP: ::1
[2025-06-07T17:56:48.538Z] INFO: GET /admin - IP: ::1
[2025-06-07T17:56:48.542Z] INFO: GET /motorista - IP: ::1
[2025-06-07T17:56:48.544Z] INFO: GET /veiculo - IP: ::1
[2025-06-07T17:56:48.545Z] INFO: GET /rota - IP: ::1
[2025-06-07T17:56:48.547Z] INFO: GET /contato/0 - IP: ::1
[2025-06-07 14:58:26] [32minfo[39m: GET /aluno - IP: ::1
[2025-06-07 14:58:26] [32minfo[39m: GET /responsavel - IP: ::1
[2025-06-07 14:58:26] [32minfo[39m: GET /admin - IP: ::1
[2025-06-07 14:58:26] [32minfo[39m: GET /motorista - IP: ::1
[2025-06-07 14:58:26] [32minfo[39m: GET /veiculo - IP: ::1
[2025-06-07 14:58:26] [32minfo[39m: GET /rota - IP: ::1
[2025-06-07 14:58:26] [32minfo[39m: GET /contato/0 - IP: ::1
[2025-06-07 14:58:44] [32minfo[39m: OPTIONS /admin - IP: ::1
[2025-06-07 14:58:44] [32minfo[39m: POST /admin - IP: ::1
[2025-06-07 14:58:44] [32minfo[39m: GET /admin - IP: ::1
[2025-06-07 15:00:03] [32minfo[39m: [32mOPTIONS /auth/admin/login - IP: ::1[39m
[2025-06-07 15:00:03] [32minfo[39m: [32mPOST /auth/admin/login - IP: ::1[39m
[2025-06-07 15:00:03] [32minfo[39m: [32mGET /aluno - IP: ::1[39m
[2025-06-07 15:00:03] [32minfo[39m: [32mGET /responsavel - IP: ::1[39m
[2025-06-07 15:00:03] [32minfo[39m: [32mGET /admin - IP: ::1[39m
[2025-06-07 15:00:03] [32minfo[39m: [32mGET /motorista - IP: ::1[39m
[2025-06-07 15:00:03] [32minfo[39m: [32mGET /veiculo - IP: ::1[39m
[2025-06-07 15:00:03] [32minfo[39m: [32mGET /rota - IP: ::1[39m
[2025-06-07 15:00:03] [32minfo[39m: [32mGET /contato/0 - IP: ::1[39m
[2025-06-07 15:00:03] [32minfo[39m: [32mGET /aluno - IP: ::1[39m
[2025-06-07 15:00:03] [32minfo[39m: [32mGET /responsavel - IP: ::1[39m
[2025-06-07 15:00:03] [32minfo[39m: [32mGET /veiculo - IP: ::1[39m
[2025-06-07 15:00:03] [32minfo[39m: [32mGET /rota - IP: ::1[39m
[2025-06-07 15:00:03] [32minfo[39m: [32mGET /motorista - IP: ::1[39m
[2025-06-07 15:00:03] [32minfo[39m: [32mGET /admin - IP: ::1[39m
[2025-06-07 15:00:03] [32minfo[39m: [32mGET /contato/0 - IP: ::1[39m
[2025-06-07 15:01:18] [32minfo[39m: [32mOPTIONS /auth/admin/login - IP: ::1[39m
[2025-06-07 15:01:18] [32minfo[39m: [32mPOST /auth/admin/login - IP: ::1[39m
[2025-06-07 15:01:18] [32minfo[39m: [32mGET /aluno - IP: ::1[39m
[2025-06-07 15:01:18] [32minfo[39m: [32mGET /veiculo - IP: ::1[39m
[2025-06-07 15:01:18] [32minfo[39m: [32mGET /rota - IP: ::1[39m
[2025-06-07 15:01:18] [32minfo[39m: [32mGET /responsavel - IP: ::1[39m
[2025-06-07 15:01:18] [32minfo[39m: [32mGET /admin - IP: ::1[39m
[2025-06-07 15:01:18] [32minfo[39m: [32mGET /motorista - IP: ::1[39m
[2025-06-07 15:01:18] [32minfo[39m: [32mGET /contato/0 - IP: ::1[39m
[2025-06-07 15:01:19] [32minfo[39m: [32mGET /aluno - IP: ::1[39m
[2025-06-07 15:01:19] [32minfo[39m: [32mGET /veiculo - IP: ::1[39m
[2025-06-07 15:01:19] [32minfo[39m: [32mGET /rota - IP: ::1[39m
[2025-06-07 15:01:19] [32minfo[39m: [32mGET /responsavel - IP: ::1[39m
[2025-06-07 15:01:19] [32minfo[39m: [32mGET /admin - IP: ::1[39m
[2025-06-07 15:01:19] [32minfo[39m: [32mGET /motorista - IP: ::1[39m
[2025-06-07 15:01:19] [32minfo[39m: [32mGET /contato/0 - IP: ::1[39m
[2025-06-07 15:03:59] [32minfo[39m: [32mOPTIONS /auth/admin/login - IP: ::1[39m
[2025-06-07 15:03:59] [32minfo[39m: [32mPOST /auth/admin/login - IP: ::1[39m
[2025-06-07 15:03:59] [32minfo[39m: [32mOPTIONS /auth/responsavel/login - IP: ::1[39m
[2025-06-07 15:03:59] [32minfo[39m: [32mPOST /auth/responsavel/login - IP: ::1[39m
[2025-06-07 15:04:00] [32minfo[39m: [32mOPTIONS /auth/aluno/login - IP: ::1[39m
[2025-06-07 15:04:00] [32minfo[39m: [32mPOST /auth/aluno/login - IP: ::1[39m
[2025-06-07 15:04:12] [32minfo[39m: [32mOPTIONS /auth/admin/login - IP: ::1[39m
[2025-06-07 15:04:12] [32minfo[39m: [32mPOST /auth/admin/login - IP: ::1[39m
[2025-06-07 15:04:13] [32minfo[39m: [32mPOST /auth/admin/login - IP: ::1[39m
[2025-06-07 15:04:13] [32minfo[39m: [32m[LOGIN] Admin autenticado com sucesso (CPF: 333.333.333-33, ID: 2) - IP: ::1[39m
[2025-06-07 15:04:13] [32minfo[39m: [32mGET /aluno - IP: ::1[39m
[2025-06-07 15:04:13] [32minfo[39m: [32mGET /responsavel - IP: ::ffff:127.0.0.1[39m
[2025-06-07 15:04:13] [32minfo[39m: [32mGET /admin - IP: ::1[39m
[2025-06-07 15:04:13] [32minfo[39m: [32mGET /motorista - IP: ::1[39m
[2025-06-07 15:04:13] [32minfo[39m: [32mGET /veiculo - IP: ::1[39m
[2025-06-07 15:04:13] [32minfo[39m: [32mGET /rota - IP: ::1[39m
[2025-06-07 15:04:13] [32minfo[39m: [32mGET /contato/0 - IP: ::1[39m
[2025-06-07 15:04:13] [32minfo[39m: [32mGET /aluno - IP: ::ffff:127.0.0.1[39m
[2025-06-07 15:04:13] [32minfo[39m: [32mGET /responsavel - IP: ::1[39m
[2025-06-07 15:04:13] [32minfo[39m: [32mGET /admin - IP: ::1[39m
[2025-06-07 15:04:13] [32minfo[39m: [32mGET /veiculo - IP: ::1[39m
[2025-06-07 15:04:13] [32minfo[39m: [32mGET /motorista - IP: ::1[39m
[2025-06-07 15:04:13] [32minfo[39m: [32mGET /rota - IP: ::ffff:127.0.0.1[39m
[2025-06-07 15:04:13] [32minfo[39m: [32mGET /contato/0 - IP: ::1[39m
[2025-06-07 15:06:23] [32minfo[39m: GET /aluno - IP: ::1
[2025-06-07 15:06:23] [32minfo[39m: GET /responsavel - IP: ::1
[2025-06-07 15:06:23] [32minfo[39m: GET /admin - IP: ::1
[2025-06-07 15:06:24] [32minfo[39m: GET /motorista - IP: ::1
[2025-06-07 15:06:24] [32minfo[39m: GET /veiculo - IP: ::1
[2025-06-07 15:06:24] [32minfo[39m: GET /rota - IP: ::1
[2025-06-07 15:06:24] [32minfo[39m: GET /contato/0 - IP: ::1
[2025-06-07 15:06:24] [32minfo[39m: GET /aluno - IP: ::1
[2025-06-07 15:06:24] [32minfo[39m: GET /responsavel - IP: ::1
[2025-06-07 15:06:24] [32minfo[39m: GET /admin - IP: ::1
[2025-06-07 15:06:24] [32minfo[39m: GET /motorista - IP: ::1
[2025-06-07 15:06:24] [32minfo[39m: GET /veiculo - IP: ::1
[2025-06-07 15:06:24] [32minfo[39m: GET /rota - IP: ::1
[2025-06-07 15:06:24] [32minfo[39m: GET /contato/0 - IP: ::1
[2025-06-07 15:06:29] [32minfo[39m: OPTIONS /auth/admin/login - IP: ::1
[2025-06-07 15:06:29] [32minfo[39m: POST /auth/admin/login - IP: ::1
[2025-06-07 15:06:29] [32minfo[39m: [LOGIN] Admin autenticado com sucesso (CPF: 333.333.333-33, ID: 2)
[2025-06-07 15:06:29] [32minfo[39m: GET /aluno - IP: ::1
[2025-06-07 15:06:29] [32minfo[39m: GET /responsavel - IP: ::1
[2025-06-07 15:06:29] [32minfo[39m: GET /admin - IP: ::1
[2025-06-07 15:06:29] [32minfo[39m: GET /motorista - IP: ::1
[2025-06-07 15:06:29] [32minfo[39m: GET /veiculo - IP: ::1
[2025-06-07 15:06:29] [32minfo[39m: GET /rota - IP: ::1
[2025-06-07 15:06:29] [32minfo[39m: GET /contato/0 - IP: ::1
[2025-06-07 15:06:29] [32minfo[39m: GET /aluno - IP: ::1
[2025-06-07 15:06:29] [32minfo[39m: GET /responsavel - IP: ::1
[2025-06-07 15:06:29] [32minfo[39m: GET /admin - IP: ::1
[2025-06-07 15:06:29] [32minfo[39m: GET /motorista - IP: ::1
[2025-06-07 15:06:29] [32minfo[39m: GET /veiculo - IP: ::1
[2025-06-07 15:06:29] [32minfo[39m: GET /rota - IP: ::1
[2025-06-07 15:06:29] [32minfo[39m: GET /contato/0 - IP: ::1
[2025-06-07 15:06:47] [32minfo[39m: GET /aluno - IP: ::1
[2025-06-07 15:07:02] [32minfo[39m: OPTIONS /responsavel - IP: ::1
[2025-06-07 15:07:02] [32minfo[39m: POST /responsavel - IP: ::1
[2025-06-07 15:07:02] [32minfo[39m: GET /responsavel - IP: ::1
[2025-06-07 15:07:14] [32minfo[39m: GET /responsavel - IP: ::1
[2025-06-07 15:07:23] [32minfo[39m: OPTIONS /auth/admin/login - IP: ::1
[2025-06-07 15:07:23] [32minfo[39m: POST /auth/admin/login - IP: ::1
[2025-06-07 15:07:23] [32minfo[39m: OPTIONS /auth/responsavel/login - IP: ::1
[2025-06-07 15:07:23] [32minfo[39m: POST /auth/responsavel/login - IP: ::1
[2025-06-07 15:07:23] [32minfo[39m: [LOGIN] Responsável autenticado com sucesso (CPF: 111.111.111-11, ID: 4) - IP: ::1
[2025-06-07 15:07:48] [32minfo[39m: OPTIONS /auth/admin/login - IP: ::1
[2025-06-07 15:07:48] [32minfo[39m: POST /auth/admin/login - IP: ::1
[2025-06-07 15:07:48] [32minfo[39m: [LOGIN] Admin autenticado com sucesso (CPF: 333.333.333-33, ID: 2)
[2025-06-07 15:07:49] [32minfo[39m: GET /aluno - IP: ::1
[2025-06-07 15:07:49] [32minfo[39m: GET /responsavel - IP: ::1
[2025-06-07 15:07:49] [32minfo[39m: GET /admin - IP: ::1
[2025-06-07 15:07:49] [32minfo[39m: GET /motorista - IP: ::1
[2025-06-07 15:07:49] [32minfo[39m: GET /veiculo - IP: ::1
[2025-06-07 15:07:49] [32minfo[39m: GET /rota - IP: ::1
[2025-06-07 15:07:49] [32minfo[39m: GET /contato/0 - IP: ::1
[2025-06-07 15:07:49] [32minfo[39m: GET /aluno - IP: ::1
[2025-06-07 15:07:49] [32minfo[39m: GET /responsavel - IP: ::1
[2025-06-07 15:07:49] [32minfo[39m: GET /admin - IP: ::1
[2025-06-07 15:07:49] [32minfo[39m: GET /motorista - IP: ::1
[2025-06-07 15:07:49] [32minfo[39m: GET /veiculo - IP: ::1
[2025-06-07 15:07:49] [32minfo[39m: GET /rota - IP: ::1
[2025-06-07 15:07:49] [32minfo[39m: GET /contato/0 - IP: ::1
[2025-06-07 15:08:14] [32minfo[39m: Acessando: GET /aluno
[2025-06-07 15:08:47] [32minfo[39m: Acessando: GET da URL: /aluno
[2025-06-07 15:09:11] [32minfo[39m: Acessando: GET da URL http:localhost:3001/ /aluno
[2025-06-07 15:09:23] [32minfo[39m: Acessando: GET da URL: /aluno
[2025-06-07 15:12:32] [32minfo[39m: [ACESSO] Usuário autenticado: Nome: undefined, Tipo: undefined, ID: undefined
[2025-06-07 15:12:32] [32minfo[39m: [ACESSO] Usuário autenticado: Nome: undefined, Tipo: undefined, ID: undefined
[2025-06-07 15:12:32] [32minfo[39m: [LOGIN] Admin autenticado com sucesso (CPF: 333.333.333-33, ID: 2)
[2025-06-07 15:12:32] [32minfo[39m: [ACESSO] Usuário autenticado: Nome: undefined, Tipo: undefined, ID: undefined
[2025-06-07 15:12:32] [32minfo[39m: [ACESSO] Usuário autenticado: Nome: undefined, Tipo: undefined, ID: undefined
[2025-06-07 15:12:32] [32minfo[39m: [ACESSO] Usuário autenticado: Nome: undefined, Tipo: undefined, ID: undefined
[2025-06-07 15:12:32] [32minfo[39m: [ACESSO] Usuário autenticado: Nome: undefined, Tipo: undefined, ID: undefined
[2025-06-07 15:12:32] [32minfo[39m: [ACESSO] Usuário autenticado: Nome: undefined, Tipo: undefined, ID: undefined
[2025-06-07 15:12:32] [32minfo[39m: [ACESSO] Usuário autenticado: Nome: undefined, Tipo: undefined, ID: undefined
[2025-06-07 15:12:32] [32minfo[39m: [ACESSO] Usuário autenticado: Nome: undefined, Tipo: undefined, ID: undefined
[2025-06-07 15:12:32] [32minfo[39m: [ACESSO] Usuário autenticado: Nome: undefined, Tipo: undefined, ID: undefined
[2025-06-07 15:12:32] [32minfo[39m: [ACESSO] Usuário autenticado: Nome: undefined, Tipo: undefined, ID: undefined
[2025-06-07 15:12:32] [32minfo[39m: [ACESSO] Usuário autenticado: Nome: undefined, Tipo: undefined, ID: undefined
[2025-06-07 15:12:32] [32minfo[39m: [ACESSO] Usuário autenticado: Nome: undefined, Tipo: undefined, ID: undefined
[2025-06-07 15:12:32] [32minfo[39m: [ACESSO] Usuário autenticado: Nome: undefined, Tipo: undefined, ID: undefined
[2025-06-07 15:12:32] [32minfo[39m: [ACESSO] Usuário autenticado: Nome: undefined, Tipo: undefined, ID: undefined
[2025-06-07 15:12:32] [32minfo[39m: [ACESSO] Usuário autenticado: Nome: undefined, Tipo: undefined, ID: undefined
[2025-06-07 15:13:30] [32minfo[39m: [ACESSO] Usuário autenticado: Nome: undefined, Tipo: undefined, ID: undefined
[2025-06-07 15:13:30] [32minfo[39m: [ACESSO] Usuário autenticado: Nome: undefined, Tipo: undefined, ID: undefined
[2025-06-07 15:13:30] [32minfo[39m: [LOGIN] Admin autenticado com sucesso (CPF: 333.333.333-33, ID: 2)
[2025-06-07 15:13:30] [32minfo[39m: [ACESSO] Usuário autenticado: Nome: undefined, Tipo: undefined, ID: undefined
[2025-06-07 15:13:30] [32minfo[39m: [ACESSO] Usuário autenticado: Nome: undefined, Tipo: undefined, ID: undefined
[2025-06-07 15:13:30] [32minfo[39m: [ACESSO] Usuário autenticado: Nome: undefined, Tipo: undefined, ID: undefined
[2025-06-07 15:13:30] [32minfo[39m: [ACESSO] Usuário autenticado: Nome: undefined, Tipo: undefined, ID: undefined
[2025-06-07 15:13:30] [32minfo[39m: [ACESSO] Usuário autenticado: Nome: undefined, Tipo: undefined, ID: undefined
[2025-06-07 15:13:30] [32minfo[39m: [ACESSO] Usuário autenticado: Nome: undefined, Tipo: undefined, ID: undefined
[2025-06-07 15:13:30] [32minfo[39m: [ACESSO] Usuário autenticado: Nome: undefined, Tipo: undefined, ID: undefined
[2025-06-07 15:13:31] [32minfo[39m: [ACESSO] Usuário autenticado: Nome: undefined, Tipo: undefined, ID: undefined
[2025-06-07 15:13:31] [32minfo[39m: [ACESSO] Usuário autenticado: Nome: undefined, Tipo: undefined, ID: undefined
[2025-06-07 15:13:31] [32minfo[39m: [ACESSO] Usuário autenticado: Nome: undefined, Tipo: undefined, ID: undefined
[2025-06-07 15:13:31] [32minfo[39m: [ACESSO] Usuário autenticado: Nome: undefined, Tipo: undefined, ID: undefined
[2025-06-07 15:13:31] [32minfo[39m: [ACESSO] Usuário autenticado: Nome: undefined, Tipo: undefined, ID: undefined
[2025-06-07 15:13:31] [32minfo[39m: [ACESSO] Usuário autenticado: Nome: undefined, Tipo: undefined, ID: undefined
[2025-06-07 15:13:31] [32minfo[39m: [ACESSO] Usuário autenticado: Nome: undefined, Tipo: undefined, ID: undefined
[2025-06-07 15:15:14] [32minfo[39m: Acessando: OPTIONS da URL: /auth/admin/login
[2025-06-07 15:15:14] [32minfo[39m: Acessando: POST da URL: /auth/admin/login
[2025-06-07 15:15:14] [32minfo[39m: [LOGIN] Admin autenticado com sucesso (CPF: 333.333.333-33, ID: 2)
[2025-06-07 15:15:14] [32minfo[39m: Acessando: GET da URL: /aluno
[2025-06-07 15:15:14] [32minfo[39m: Acessando: GET da URL: /motorista
[2025-06-07 15:15:14] [32minfo[39m: Acessando: GET da URL: /veiculo
[2025-06-07 15:15:14] [32minfo[39m: Acessando: GET da URL: /rota
[2025-06-07 15:15:14] [32minfo[39m: Acessando: GET da URL: /responsavel
[2025-06-07 15:15:14] [32minfo[39m: Acessando: GET da URL: /admin
[2025-06-07 15:15:14] [32minfo[39m: Acessando: GET da URL: /contato/0
[2025-06-07 15:15:14] [32minfo[39m: Acessando: GET da URL: /aluno
[2025-06-07 15:15:14] [32minfo[39m: Acessando: GET da URL: /motorista
[2025-06-07 15:15:14] [32minfo[39m: Acessando: GET da URL: /veiculo
[2025-06-07 15:15:14] [32minfo[39m: Acessando: GET da URL: /responsavel
[2025-06-07 15:15:14] [32minfo[39m: Acessando: GET da URL: /rota
[2025-06-07 15:15:14] [32minfo[39m: Acessando: GET da URL: /admin
[2025-06-07 15:15:14] [32minfo[39m: Acessando: GET da URL: /contato/0
[2025-06-07 15:20:15] [32minfo[39m: Acessando: GET da URL: /aluno
[2025-06-07 15:20:25] [32minfo[39m: Acessando: OPTIONS da URL: /admin
[2025-06-07 15:20:25] [32minfo[39m: Acessando: POST da URL: /admin
[2025-06-07 15:20:30] [32minfo[39m: Acessando: GET da URL: /admin
[2025-06-07 15:20:33] [32minfo[39m: Acessando: GET da URL: /admin
[2025-06-07 15:29:03] [32minfo[39m: Acessando: OPTIONS da URL: /responsavel
[2025-06-07 15:29:03] [32minfo[39m: Acessando: POST da URL: /responsavel
[2025-06-07 15:29:05] [32minfo[39m: Acessando: POST da URL: /responsavel
[2025-06-07 15:29:08] [32minfo[39m: Acessando: OPTIONS da URL: /responsavel
[2025-06-07 15:29:08] [32minfo[39m: Acessando: POST da URL: /responsavel
[2025-06-07 15:29:09] [32minfo[39m: Acessando: POST da URL: /responsavel
[2025-06-07 15:29:44] [32minfo[39m: Acessando: OPTIONS da URL: /responsavel
[2025-06-07 15:29:44] [32minfo[39m: Acessando: POST da URL: /responsavel
[2025-06-07 15:29:55] [32minfo[39m: Acessando: GET da URL: /responsavel
[2025-06-07 15:30:08] [32minfo[39m: Acessando: GET da URL: /responsavel/cpf/111.111.111-11
[2025-06-07 15:30:08] [32minfo[39m: Acessando: OPTIONS da URL: /aluno
[2025-06-07 15:30:08] [32minfo[39m: Acessando: POST da URL: /aluno
[2025-06-07 15:30:08] [32minfo[39m: Acessando: GET da URL: /responsavel/cpf/111.111.111-11
[2025-06-07 15:30:08] [32minfo[39m: Acessando: POST da URL: /aluno
[2025-06-07 15:30:09] [32minfo[39m: Acessando: GET da URL: /responsavel/cpf/111.111.111-11
[2025-06-07 15:30:09] [32minfo[39m: Acessando: POST da URL: /aluno
[2025-06-07 15:30:11] [32minfo[39m: Acessando: GET da URL: /responsavel/cpf/111.111.111-11
[2025-06-07 15:30:11] [32minfo[39m: Acessando: POST da URL: /aluno
[2025-06-07 15:30:14] [32minfo[39m: Acessando: GET da URL: /responsavel/cpf/111.111.111-11
[2025-06-07 15:30:14] [32minfo[39m: Acessando: OPTIONS da URL: /aluno
[2025-06-07 15:30:14] [32minfo[39m: Acessando: POST da URL: /aluno
[2025-06-07 15:34:22] [32minfo[39m: Acessando: GET da URL: /aluno
[2025-06-07 15:34:30] [32minfo[39m: Acessando: OPTIONS da URL: /responsavel
[2025-06-07 15:34:30] [32minfo[39m: Acessando: POST da URL: /responsavel
[2025-06-07 15:34:32] [32minfo[39m: Acessando: POST da URL: /responsavel
[2025-06-07 15:34:32] [32minfo[39m: Acessando: GET da URL: /responsavel
[2025-06-07 15:35:39] [32minfo[39m: Acessando: GET da URL: /aluno
[2025-06-07 15:35:43] [32minfo[39m: Acessando: GET da URL: /responsavel
[2025-06-07 15:35:57] [32minfo[39m: Acessando: GET da URL: /responsavel/cpf/111.111.111-11
[2025-06-07 15:35:58] [32minfo[39m: Acessando: OPTIONS da URL: /aluno
[2025-06-07 15:35:58] [32minfo[39m: Acessando: POST da URL: /aluno
[2025-06-07 15:36:01] [32minfo[39m: Acessando: GET da URL: /responsavel/cpf/111.111.111-11
[2025-06-07 15:36:01] [32minfo[39m: Acessando: POST da URL: /aluno
[2025-06-07 15:36:05] [32minfo[39m: Acessando: GET da URL: /responsavel/cpf/111.111.111-11
[2025-06-07 15:36:05] [32minfo[39m: Acessando: OPTIONS da URL: /aluno
[2025-06-07 15:36:05] [32minfo[39m: Acessando: POST da URL: /aluno
[2025-06-07 15:36:41] [32minfo[39m: Acessando: GET da URL: /responsavel/cpf/111.111.111-11
[2025-06-07 15:36:41] [32minfo[39m: Acessando: OPTIONS da URL: /aluno
[2025-06-07 15:36:41] [32minfo[39m: Acessando: POST da URL: /aluno
[2025-06-07 15:36:42] [32minfo[39m: Acessando: GET da URL: /responsavel/cpf/111.111.111-11
[2025-06-07 15:36:42] [32minfo[39m: Acessando: POST da URL: /aluno
[2025-06-07 15:36:45] [32minfo[39m: Acessando: GET da URL: /responsavel/cpf/111.111.111-11
[2025-06-07 15:36:45] [32minfo[39m: Acessando: POST da URL: /aluno
[2025-06-07 15:37:13] [32minfo[39m: Acessando: GET da URL: /responsavel/cpf/111.111.111-11
[2025-06-07 15:37:13] [32minfo[39m: Acessando: OPTIONS da URL: /aluno
[2025-06-07 15:37:13] [32minfo[39m: Acessando: POST da URL: /aluno
[2025-06-07 15:37:13] [32minfo[39m: Acessando: GET da URL: /aluno
[2025-06-07 15:44:51] [32minfo[39m: Acessando: GET da URL: /contato
[2025-06-07 15:53:11] [32minfo[39m: Acessando: OPTIONS da URL: /auth/admin/login
[2025-06-07 15:53:11] [32minfo[39m: Acessando: POST da URL: /auth/admin/login
[2025-06-07 15:53:11] [32minfo[39m: [LOGIN] Admin autenticado com sucesso (CPF: 333.333.333-33, ID: 2)
[2025-06-07 15:53:12] [32minfo[39m: Acessando: GET da URL: /aluno
[2025-06-07 15:53:12] [32minfo[39m: Acessando: GET da URL: /responsavel
[2025-06-07 15:53:12] [32minfo[39m: Acessando: GET da URL: /admin
[2025-06-07 15:53:12] [32minfo[39m: Acessando: GET da URL: /motorista
[2025-06-07 15:53:12] [32minfo[39m: Acessando: GET da URL: /veiculo
[2025-06-07 15:53:12] [32minfo[39m: Acessando: GET da URL: /rota
[2025-06-07 15:53:12] [32minfo[39m: Acessando: GET da URL: /contato/0
[2025-06-07 15:53:12] [32minfo[39m: Acessando: GET da URL: /aluno
[2025-06-07 15:53:12] [32minfo[39m: Acessando: GET da URL: /responsavel
[2025-06-07 15:53:12] [32minfo[39m: Acessando: GET da URL: /admin
[2025-06-07 15:53:12] [32minfo[39m: Acessando: GET da URL: /motorista
[2025-06-07 15:53:12] [32minfo[39m: Acessando: GET da URL: /veiculo
[2025-06-07 15:53:12] [32minfo[39m: Acessando: GET da URL: /rota
[2025-06-07 15:53:12] [32minfo[39m: Acessando: GET da URL: /contato/0
[2025-06-07 16:32:04] [32minfo[39m: Acessando: GET da URL: /aluno
[2025-06-07 16:32:04] [32minfo[39m: Acessando: GET da URL: /favicon.ico
[2025-06-07 16:33:08] [32minfo[39m: Acessando: OPTIONS da URL: /auth/admin/login
[2025-06-07 16:33:08] [32minfo[39m: Acessando: POST da URL: /auth/admin/login
[2025-06-07 16:33:08] [32minfo[39m: [LOGIN] Admin autenticado com sucesso (CPF: 333.333.333-33, ID: 2)
[2025-06-07 16:33:12] [32minfo[39m: Acessando: GET da URL: /aluno
[2025-06-07 16:33:12] [32minfo[39m: Acessando: GET da URL: /responsavel
[2025-06-07 16:33:12] [32minfo[39m: Acessando: GET da URL: /admin
[2025-06-07 16:33:12] [32minfo[39m: Acessando: GET da URL: /motorista
[2025-06-07 16:33:12] [32minfo[39m: Acessando: GET da URL: /veiculo
[2025-06-07 16:33:12] [32minfo[39m: Acessando: GET da URL: /rota
[2025-06-07 16:33:12] [32minfo[39m: Acessando: GET da URL: /contato/0
[2025-06-07 16:33:12] [32minfo[39m: Acessando: GET da URL: /aluno
[2025-06-07 16:33:12] [32minfo[39m: Acessando: GET da URL: /responsavel
[2025-06-07 16:33:12] [32minfo[39m: Acessando: GET da URL: /admin
[2025-06-07 16:33:12] [32minfo[39m: Acessando: GET da URL: /rota
[2025-06-07 16:33:12] [32minfo[39m: Acessando: GET da URL: /motorista
[2025-06-07 16:33:12] [32minfo[39m: Acessando: GET da URL: /contato/0
[2025-06-07 16:33:12] [32minfo[39m: Acessando: GET da URL: /veiculo
[2025-06-07 16:33:17] [32minfo[39m: Acessando: GET da URL: /aluno
[2025-06-07 16:34:41] [32minfo[39m: Acessando: GET da URL: /aluno
[2025-06-07 16:34:41] [32minfo[39m: Acessando: GET da URL: /responsavel
[2025-06-07 16:34:41] [32minfo[39m: Acessando: GET da URL: /admin
[2025-06-07 16:34:41] [32minfo[39m: Acessando: GET da URL: /motorista
[2025-06-07 16:34:41] [32minfo[39m: Acessando: GET da URL: /veiculo
[2025-06-07 16:34:41] [32minfo[39m: Acessando: GET da URL: /rota
[2025-06-07 16:34:41] [32minfo[39m: Acessando: GET da URL: /contato/0
[2025-06-07 16:34:42] [32minfo[39m: Acessando: GET da URL: /admin
[2025-06-07 16:39:05] [32minfo[39m: Acessando: GET da URL: /aluno
[2025-06-07 16:39:05] [32minfo[39m: Acessando: GET da URL: /responsavel
[2025-06-07 16:39:05] [32minfo[39m: Acessando: GET da URL: /admin
[2025-06-07 16:39:05] [32minfo[39m: Acessando: GET da URL: /motorista
[2025-06-07 16:39:05] [32minfo[39m: Acessando: GET da URL: /veiculo
[2025-06-07 16:39:05] [32minfo[39m: Acessando: GET da URL: /rota
[2025-06-07 16:39:05] [32minfo[39m: Acessando: GET da URL: /contato/0
[2025-06-07 16:49:11] [32minfo[39m: Acessando: GET da URL: /aluno
[2025-06-07 16:49:11] [32minfo[39m: Acessando: GET da URL: /responsavel
[2025-06-07 16:49:11] [32minfo[39m: Acessando: GET da URL: /admin
[2025-06-07 16:49:11] [32minfo[39m: Acessando: GET da URL: /motorista
[2025-06-07 16:49:11] [32minfo[39m: Acessando: GET da URL: /veiculo
[2025-06-07 16:49:11] [32minfo[39m: Acessando: GET da URL: /rota
[2025-06-07 16:49:11] [32minfo[39m: Acessando: GET da URL: /contato/0
[2025-06-07 16:54:24] [32minfo[39m: Acessando: GET da URL: /responsaveis
[2025-06-07 16:54:33] [32minfo[39m: Acessando: GET da URL: /aluno
[2025-06-07 16:54:33] [32minfo[39m: Acessando: GET da URL: /responsavel
[2025-06-07 16:54:33] [32minfo[39m: Acessando: GET da URL: /admin
[2025-06-07 16:54:33] [32minfo[39m: Acessando: GET da URL: /motorista
[2025-06-07 16:54:33] [32minfo[39m: Acessando: GET da URL: /veiculo
[2025-06-07 16:54:33] [32minfo[39m: Acessando: GET da URL: /rota
[2025-06-07 16:54:33] [32minfo[39m: Acessando: GET da URL: /contato/0
[2025-06-07 16:55:10] [32minfo[39m: Acessando: GET da URL: /responsavel
[2025-06-07 17:05:30] [32minfo[39m: Acessando: GET da URL: /responsavel
[2025-06-07 17:06:06] [32minfo[39m: Acessando: GET da URL: /responsavel
[2025-06-07 17:08:14] [32minfo[39m: Acessando: GET da URL: /responsavel
[2025-06-07 17:24:42] [32minfo[39m: Acessando: GET da URL: /responsavel
[2025-06-07 17:25:47] [32minfo[39m: Acessando: GET da URL: /responsavel
[2025-06-07 17:27:29] [32minfo[39m: Acessando: GET da URL: /responsavel
[2025-06-07 17:28:06] [32minfo[39m: Acessando: GET da URL: /responsavel
[2025-06-07 17:28:38] [32minfo[39m: Acessando: GET da URL: /aluno
[2025-06-07 17:28:38] [32minfo[39m: Acessando: GET da URL: /responsavel
[2025-06-07 17:28:38] [32minfo[39m: Acessando: GET da URL: /admin
[2025-06-07 17:28:38] [32minfo[39m: Acessando: GET da URL: /motorista
[2025-06-07 17:28:38] [32minfo[39m: Acessando: GET da URL: /veiculo
[2025-06-07 17:28:38] [32minfo[39m: Acessando: GET da URL: /rota
[2025-06-07 17:28:38] [32minfo[39m: Acessando: GET da URL: /contato/0
[2025-06-07 17:28:46] [32minfo[39m: Acessando: GET da URL: /responsavel
[2025-06-07 17:28:52] [32minfo[39m: Acessando: GET da URL: /responsavel/cpf/555.666.777-81
[2025-06-07 17:28:52] [32minfo[39m: Acessando: OPTIONS da URL: /responsavel/5
[2025-06-07 17:28:52] [32minfo[39m: Acessando: DELETE da URL: /responsavel/5
[2025-06-07 17:28:52] [32minfo[39m: Acessando: GET da URL: /responsavel
[2025-06-07 17:28:57] [32minfo[39m: Acessando: GET da URL: /responsavel
[2025-06-07 17:30:34] [32minfo[39m: Acessando: GET da URL: /aluno
[2025-06-07 17:30:34] [32minfo[39m: Acessando: GET da URL: /responsavel
[2025-06-07 17:30:34] [32minfo[39m: Acessando: GET da URL: /admin
[2025-06-07 17:30:34] [32minfo[39m: Acessando: GET da URL: /motorista
[2025-06-07 17:30:34] [32minfo[39m: Acessando: GET da URL: /veiculo
[2025-06-07 17:30:34] [32minfo[39m: Acessando: GET da URL: /rota
[2025-06-07 17:30:34] [32minfo[39m: Acessando: GET da URL: /contato/0
[2025-06-07 17:30:36] [32minfo[39m: Acessando: GET da URL: /responsavel
[2025-06-07 17:30:39] [32minfo[39m: Acessando: GET da URL: /admin
[2025-06-07 17:33:01] [32minfo[39m: Acessando: GET da URL: /responsavel
[2025-06-07 17:33:40] [32minfo[39m: Acessando: GET da URL: /responsavel
[2025-06-07 17:34:33] [32minfo[39m: Acessando: GET da URL: /responsavel
[2025-06-07 17:35:22] [32minfo[39m: Acessando: GET da URL: /aluno
[2025-06-07 17:35:22] [32minfo[39m: Acessando: GET da URL: /responsavel
[2025-06-07 17:35:22] [32minfo[39m: Acessando: GET da URL: /admin
[2025-06-07 17:35:22] [32minfo[39m: Acessando: GET da URL: /motorista
[2025-06-07 17:35:22] [32minfo[39m: Acessando: GET da URL: /veiculo
[2025-06-07 17:35:22] [32minfo[39m: Acessando: GET da URL: /rota
[2025-06-07 17:35:22] [32minfo[39m: Acessando: GET da URL: /contato/0
[2025-06-07 17:35:29] [32minfo[39m: Acessando: GET da URL: /aluno
[2025-06-07 17:35:29] [32minfo[39m: Acessando: GET da URL: /contato/0
[2025-06-07 17:35:29] [32minfo[39m: Acessando: GET da URL: /responsavel
[2025-06-07 17:35:29] [32minfo[39m: Acessando: GET da URL: /admin
[2025-06-07 17:35:29] [32minfo[39m: Acessando: GET da URL: /motorista
[2025-06-07 17:35:29] [32minfo[39m: Acessando: GET da URL: /veiculo
[2025-06-07 17:35:29] [32minfo[39m: Acessando: GET da URL: /rota
[2025-06-07 17:35:39] [32minfo[39m: Acessando: GET da URL: /aluno
[2025-06-07 17:35:39] [32minfo[39m: Acessando: GET da URL: /responsavel
[2025-06-07 17:35:39] [32minfo[39m: Acessando: GET da URL: /admin
[2025-06-07 17:35:39] [32minfo[39m: Acessando: GET da URL: /motorista
[2025-06-07 17:35:39] [32minfo[39m: Acessando: GET da URL: /veiculo
[2025-06-07 17:35:39] [32minfo[39m: Acessando: GET da URL: /rota
[2025-06-07 17:35:39] [32minfo[39m: Acessando: GET da URL: /contato/0
[2025-06-07 17:36:44] [32minfo[39m: Acessando: GET da URL: /aluno
[2025-06-07 17:36:44] [32minfo[39m: Acessando: GET da URL: /responsavel
[2025-06-07 17:36:44] [32minfo[39m: Acessando: GET da URL: /admin
[2025-06-07 17:36:44] [32minfo[39m: Acessando: GET da URL: /motorista
[2025-06-07 17:36:44] [32minfo[39m: Acessando: GET da URL: /veiculo
[2025-06-07 17:36:44] [32minfo[39m: Acessando: GET da URL: /rota
[2025-06-07 17:36:44] [32minfo[39m: Acessando: GET da URL: /contato/0
[2025-06-07 17:36:47] [32minfo[39m: Acessando: GET da URL: /motorista
[2025-06-07 17:37:07] [32minfo[39m: Acessando: GET da URL: /responsavel
[2025-06-07 17:39:31] [32minfo[39m: Acessando: GET da URL: /motorista
[2025-06-07 17:40:02] [32minfo[39m: Acessando: GET da URL: /responsavel
[2025-06-07 17:50:51] [32minfo[39m: Acessando: GET da URL: /aluno
[2025-06-07 17:50:51] [32minfo[39m: Acessando: GET da URL: /responsavel
[2025-06-07 17:50:51] [32minfo[39m: Acessando: GET da URL: /admin
[2025-06-07 17:50:51] [32minfo[39m: Acessando: GET da URL: /motorista
[2025-06-07 17:50:51] [32minfo[39m: Acessando: GET da URL: /veiculo
[2025-06-07 17:50:51] [32minfo[39m: Acessando: GET da URL: /rota
[2025-06-07 17:50:51] [32minfo[39m: Acessando: GET da URL: /contato/0
[2025-06-07 17:51:20] [32minfo[39m: Acessando: GET da URL: /responsavel
[2025-06-07 17:51:47] [32minfo[39m: Acessando: GET da URL: /
[2025-06-07 17:51:58] [32minfo[39m: Acessando: GET da URL: /responsavel
[2025-06-07 17:52:13] [32minfo[39m: Acessando: GET da URL: /responsavel
[2025-06-07 17:55:22] [32minfo[39m: Acessando: GET da URL: /responsavel
[2025-06-07 18:02:36] [32minfo[39m: Acessando: GET da URL: /aluno
[2025-06-07 18:02:36] [32minfo[39m: Acessando: GET da URL: /responsavel
[2025-06-07 18:02:36] [32minfo[39m: Acessando: GET da URL: /admin
[2025-06-07 18:02:36] [32minfo[39m: Acessando: GET da URL: /motorista
[2025-06-07 18:02:36] [32minfo[39m: Acessando: GET da URL: /veiculo
[2025-06-07 18:02:36] [32minfo[39m: Acessando: GET da URL: /rota
[2025-06-07 18:02:37] [32minfo[39m: Acessando: GET da URL: /contato/0
[2025-06-07 18:02:42] [32minfo[39m: Acessando: GET da URL: /veiculo
[2025-06-07 18:02:43] [32minfo[39m: Acessando: GET da URL: /rota
[2025-06-07 18:03:07] [32minfo[39m: Acessando: OPTIONS da URL: /contato
[2025-06-07 18:03:07] [32minfo[39m: Acessando: POST da URL: /contato
[2025-06-07 18:03:10] [32minfo[39m: Acessando: GET da URL: /aluno
[2025-06-07 18:03:10] [32minfo[39m: Acessando: GET da URL: /responsavel
[2025-06-07 18:03:10] [32minfo[39m: Acessando: GET da URL: /admin
[2025-06-07 18:03:10] [32minfo[39m: Acessando: GET da URL: /motorista
[2025-06-07 18:03:10] [32minfo[39m: Acessando: GET da URL: /veiculo
[2025-06-07 18:03:10] [32minfo[39m: Acessando: GET da URL: /rota
[2025-06-07 18:03:10] [32minfo[39m: Acessando: GET da URL: /contato/0
[2025-06-07 18:03:11] [32minfo[39m: Acessando: GET da URL: /contato
[2025-06-07 18:03:14] [32minfo[39m: Acessando: OPTIONS da URL: /contato/1
[2025-06-07 18:03:14] [32minfo[39m: Acessando: PUT da URL: /contato/1
[2025-06-07 18:03:14] [32minfo[39m: Acessando: GET da URL: /contato/0
[2025-06-07 18:03:55] [32minfo[39m: Acessando: GET da URL: /responsavel
[2025-06-07 18:04:53] [32minfo[39m: Acessando: GET da URL: /responsavel
[2025-06-07 18:04:53] [32minfo[39m: Acessando: GET da URL: /aluno
[2025-06-07 18:12:52] [32minfo[39m: Acessando: GET da URL: /responsavel
[2025-06-07 18:12:52] [32minfo[39m: Acessando: GET da URL: /admin
[2025-06-07 18:12:52] [32minfo[39m: Acessando: GET da URL: /aluno
[2025-06-07 18:13:10] [32minfo[39m: Acessando: GET da URL: /aluno
[2025-06-07 18:13:10] [32minfo[39m: Acessando: GET da URL: /responsavel
[2025-06-07 18:13:10] [32minfo[39m: Acessando: GET da URL: /admin
[2025-06-07 18:13:10] [32minfo[39m: Acessando: GET da URL: /motorista
[2025-06-07 18:13:10] [32minfo[39m: Acessando: GET da URL: /veiculo
[2025-06-07 18:13:10] [32minfo[39m: Acessando: GET da URL: /rota
[2025-06-07 18:13:10] [32minfo[39m: Acessando: GET da URL: /contato/0
[2025-06-07 18:15:30] [32minfo[39m: Acessando: GET da URL: /aluno
[2025-06-07 18:15:30] [32minfo[39m: Acessando: GET da URL: /admin
[2025-06-07 18:16:14] [32minfo[39m: Acessando: GET da URL: /admin
[2025-06-07 18:16:14] [32minfo[39m: Acessando: GET da URL: /responsavel
[2025-06-07 18:16:14] [32minfo[39m: Acessando: GET da URL: /aluno
[2025-06-07 18:16:57] [32minfo[39m: Acessando: GET da URL: /aluno
[2025-06-07 18:16:57] [32minfo[39m: Acessando: GET da URL: /responsavel
[2025-06-07 18:16:57] [32minfo[39m: Acessando: GET da URL: /admin
[2025-06-07 18:16:57] [32minfo[39m: Acessando: GET da URL: /motorista
[2025-06-07 18:16:57] [32minfo[39m: Acessando: GET da URL: /veiculo
[2025-06-07 18:16:57] [32minfo[39m: Acessando: GET da URL: /rota
[2025-06-07 18:16:57] [32minfo[39m: Acessando: GET da URL: /contato/0
[2025-06-07 18:23:49] [32minfo[39m: Acessando: GET da URL: /responsavel
[2025-06-07 18:23:49] [32minfo[39m: Acessando: GET da URL: /aluno
[2025-06-07 18:23:49] [32minfo[39m: Acessando: GET da URL: /admin
[2025-06-07 18:26:03] [32minfo[39m: Acessando: GET da URL: /admin
[2025-06-07 18:26:03] [32minfo[39m: Acessando: GET da URL: /aluno
[2025-06-07 18:26:03] [32minfo[39m: Acessando: GET da URL: /responsavel
[2025-06-07 18:26:03] [32minfo[39m: Acessando: GET da URL: /motorista
[2025-06-07 18:26:19] [32minfo[39m: Acessando: GET da URL: /responsavel
[2025-06-07 18:26:19] [32minfo[39m: Acessando: GET da URL: /admin
[2025-06-07 18:26:19] [32minfo[39m: Acessando: GET da URL: /aluno
[2025-06-07 18:26:19] [32minfo[39m: Acessando: GET da URL: /motorista

[2025-06-10 09:49:46] [32minfo[39m: Acessando: GET da URL: /mapa/1
[2025-06-10 09:49:46] [32minfo[39m: Acessando: OPTIONS da URL: /log/onibus
[2025-06-10 09:49:46] [32minfo[39m: Acessando: POST da URL: /log/onibus
[2025-06-10 09:58:59] [32minfo[39m: Acessando: GET da URL: /log/alunoLast/
[2025-06-10 09:58:59] [32minfo[39m: Acessando: GET da URL: /mapa/1
[2025-06-10 09:58:59] [32minfo[39m: Acessando: GET da URL: /log/alunoLast/null
[2025-06-10 09:58:59] [32minfo[39m: Acessando: GET da URL: /log/alunoLast/
[2025-06-10 09:58:59] [32minfo[39m: Acessando: GET da URL: /log/alunoLast/
[2025-06-10 09:58:59] [32minfo[39m: Acessando: GET da URL: /log/alunoLast/
[2025-06-10 09:58:59] [32minfo[39m: Acessando: OPTIONS da URL: /log/onibus
[2025-06-10 09:58:59] [32minfo[39m: Acessando: POST da URL: /log/onibus
[2025-06-10 10:00:49] [32minfo[39m: Acessando: GET da URL: /log/alunoLast/
[2025-06-10 10:00:49] [32minfo[39m: Acessando: GET da URL: /log/alunoLast/
[2025-06-10 10:00:49] [32minfo[39m: Acessando: GET da URL: /mapa/1
[2025-06-10 10:00:49] [32minfo[39m: Acessando: GET da URL: /log/alunoLast/null
[2025-06-10 10:00:49] [32minfo[39m: Acessando: OPTIONS da URL: /log/onibus
[2025-06-10 10:00:49] [32minfo[39m: Acessando: POST da URL: /log/onibus
[2025-06-10 10:03:19] [32minfo[39m: Acessando: GET da URL: /log/alunoLast/
[2025-06-10 10:03:19] [32minfo[39m: Acessando: GET da URL: /mapa/1
[2025-06-10 10:03:19] [32minfo[39m: Acessando: GET da URL: /log/alunoLast/null
[2025-06-10 10:03:19] [32minfo[39m: Acessando: GET da URL: /log/alunoLast/
[2025-06-10 10:03:19] [32minfo[39m: Acessando: GET da URL: /log/alunoLast/
[2025-06-10 10:03:19] [32minfo[39m: Acessando: GET da URL: /log/alunoLast/
[2025-06-10 10:03:19] [32minfo[39m: Acessando: OPTIONS da URL: /log/onibus
[2025-06-10 10:03:19] [32minfo[39m: Acessando: POST da URL: /log/onibus
[2025-06-10 10:03:34] [32minfo[39m: Acessando: GET da URL: /log/alunoLast/
[2025-06-10 10:03:34] [32minfo[39m: Acessando: GET da URL: /mapa/1
[2025-06-10 10:03:34] [32minfo[39m: Acessando: GET da URL: /log/alunoLast/null
[2025-06-10 10:03:34] [32minfo[39m: Acessando: GET da URL: /log/alunoLast/
[2025-06-10 10:03:34] [32minfo[39m: Acessando: GET da URL: /log/alunoLast/
[2025-06-10 10:03:34] [32minfo[39m: Acessando: GET da URL: /log/alunoLast/
[2025-06-10 10:03:34] [32minfo[39m: Acessando: OPTIONS da URL: /log/onibus
[2025-06-10 10:03:34] [32minfo[39m: Acessando: POST da URL: /log/onibus
[2025-06-10 10:04:57] [32minfo[39m: Acessando: OPTIONS da URL: /auth/admin/login
[2025-06-10 10:04:57] [32minfo[39m: Acessando: POST da URL: /auth/admin/login
[2025-06-10 10:04:57] [32minfo[39m: Acessando: OPTIONS da URL: /auth/responsavel/login
[2025-06-10 10:04:57] [32minfo[39m: Acessando: POST da URL: /auth/responsavel/login
[2025-06-10 10:04:57] [32minfo[39m: Acessando: OPTIONS da URL: /auth/aluno/login
[2025-06-10 10:04:57] [32minfo[39m: Acessando: POST da URL: /auth/aluno/login
[2025-06-10 10:04:57] [32minfo[39m: [LOGIN] Aluno autenticado com sucesso (CPF: 777.777.777-77, ID: 4)
[2025-06-10 10:05:22] [32minfo[39m: Acessando: OPTIONS da URL: /auth/admin/login
[2025-06-10 10:05:22] [32minfo[39m: Acessando: POST da URL: /auth/admin/login
[2025-06-10 10:05:22] [32minfo[39m: [LOGIN] Admin autenticado com sucesso (CPF: 333.333.333-33, ID: 2)
[2025-06-10 10:05:23] [32minfo[39m: Acessando: GET da URL: /aluno
[2025-06-10 10:05:23] [32minfo[39m: Acessando: GET da URL: /responsavel
[2025-06-10 10:05:23] [32minfo[39m: Acessando: GET da URL: /admin
[2025-06-10 10:05:24] [32minfo[39m: Acessando: GET da URL: /rota
[2025-06-10 10:05:24] [32minfo[39m: Acessando: GET da URL: /veiculo
[2025-06-10 10:05:24] [32minfo[39m: Acessando: GET da URL: /motorista
[2025-06-10 10:05:24] [32minfo[39m: Acessando: GET da URL: /contato/0
[2025-06-10 10:05:24] [32minfo[39m: Acessando: GET da URL: /aluno
[2025-06-10 10:05:24] [32minfo[39m: Acessando: GET da URL: /responsavel
[2025-06-10 10:05:24] [32minfo[39m: Acessando: GET da URL: /admin
[2025-06-10 10:05:24] [32minfo[39m: Acessando: GET da URL: /rota
[2025-06-10 10:05:24] [32minfo[39m: Acessando: GET da URL: /veiculo
[2025-06-10 10:05:24] [32minfo[39m: Acessando: GET da URL: /motorista
[2025-06-10 10:05:24] [32minfo[39m: Acessando: GET da URL: /contato/0
[2025-06-10 10:05:29] [32minfo[39m: Acessando: GET da URL: /responsavel
[2025-06-10 10:05:43] [32minfo[39m: Acessando: OPTIONS da URL: /responsavel
[2025-06-10 10:05:43] [32minfo[39m: Acessando: POST da URL: /responsavel
[2025-06-10 10:05:43] [32minfo[39m: Acessando: GET da URL: /responsavel
[2025-06-10 10:05:54] [32minfo[39m: Acessando: OPTIONS da URL: /auth/admin/login
[2025-06-10 10:05:54] [32minfo[39m: Acessando: POST da URL: /auth/admin/login
[2025-06-10 10:05:54] [32minfo[39m: Acessando: OPTIONS da URL: /auth/responsavel/login
[2025-06-10 10:05:54] [32minfo[39m: Acessando: POST da URL: /auth/responsavel/login
[2025-06-10 10:05:54] [32minfo[39m: [LOGIN] Responsável autenticado com sucesso (CPF: 555.555.555-55, ID: 5)
[2025-06-10 10:08:03] [32minfo[39m: Acessando: OPTIONS da URL: /auth/admin/login
[2025-06-10 10:08:03] [32minfo[39m: Acessando: POST da URL: /auth/admin/login
[2025-06-10 10:08:03] [32minfo[39m: Acessando: OPTIONS da URL: /auth/responsavel/login
[2025-06-10 10:08:03] [32minfo[39m: Acessando: POST da URL: /auth/responsavel/login
[2025-06-10 10:08:03] [32minfo[39m: [LOGIN] Responsável autenticado com sucesso (CPF: 555.555.555-55, ID: 5)
[2025-06-10 10:10:46] [32minfo[39m: Acessando: OPTIONS da URL: /auth/admin/login
[2025-06-10 10:10:46] [32minfo[39m: Acessando: POST da URL: /auth/admin/login
[2025-06-10 10:10:46] [32minfo[39m: Acessando: OPTIONS da URL: /auth/responsavel/login
[2025-06-10 10:10:46] [32minfo[39m: Acessando: POST da URL: /auth/responsavel/login
[2025-06-10 10:10:46] [32minfo[39m: Acessando: OPTIONS da URL: /auth/aluno/login
[2025-06-10 10:10:46] [32minfo[39m: Acessando: POST da URL: /auth/aluno/login
[2025-06-10 10:10:46] [32minfo[39m: [LOGIN] Aluno autenticado com sucesso (CPF: 777.777.777-77, ID: 4)
[2025-06-10 10:11:29] [32minfo[39m: Acessando: OPTIONS da URL: /auth/admin/login
[2025-06-10 10:11:29] [32minfo[39m: Acessando: POST da URL: /auth/admin/login
[2025-06-10 10:11:29] [32minfo[39m: [LOGIN] Admin autenticado com sucesso (CPF: 333.333.333-33, ID: 2)
[2025-06-10 10:11:34] [32minfo[39m: Acessando: POST da URL: /auth/admin/login
[2025-06-10 10:11:34] [32minfo[39m: [LOGIN] Admin autenticado com sucesso (CPF: 333.333.333-33, ID: 2)
[2025-06-10 10:11:45] [32minfo[39m: Acessando: GET da URL: /responsavel
[2025-06-10 10:11:45] [32minfo[39m: Acessando: GET da URL: /motorista
[2025-06-10 10:11:45] [32minfo[39m: Acessando: GET da URL: /rota
[2025-06-10 10:11:45] [32minfo[39m: Acessando: GET da URL: /contato/0
[2025-06-10 10:11:45] [32minfo[39m: Acessando: GET da URL: /admin
[2025-06-10 10:11:45] [32minfo[39m: Acessando: GET da URL: /veiculo
[2025-06-10 10:11:45] [32minfo[39m: Acessando: GET da URL: /aluno
[2025-06-10 10:11:45] [32minfo[39m: Acessando: GET da URL: /responsavel
[2025-06-10 10:11:45] [32minfo[39m: Acessando: GET da URL: /motorista
[2025-06-10 10:11:45] [32minfo[39m: Acessando: GET da URL: /admin
[2025-06-10 10:11:45] [32minfo[39m: Acessando: GET da URL: /veiculo
[2025-06-10 10:11:45] [32minfo[39m: Acessando: GET da URL: /aluno
[2025-06-10 10:11:45] [32minfo[39m: Acessando: GET da URL: /rota
[2025-06-10 10:11:45] [32minfo[39m: Acessando: GET da URL: /contato/0
[2025-06-10 10:12:35] [32minfo[39m: Acessando: OPTIONS da URL: /auth/admin/login
[2025-06-10 10:12:35] [32minfo[39m: Acessando: POST da URL: /auth/admin/login
[2025-06-10 10:12:35] [32minfo[39m: Acessando: OPTIONS da URL: /auth/responsavel/login
[2025-06-10 10:12:35] [32minfo[39m: Acessando: POST da URL: /auth/responsavel/login
[2025-06-10 10:12:35] [32minfo[39m: [LOGIN] Responsável autenticado com sucesso (CPF: 555.555.555-55, ID: 5)
[2025-06-10 10:18:30] [32minfo[39m: Acessando: OPTIONS da URL: /auth/admin/login
[2025-06-10 10:18:30] [32minfo[39m: Acessando: POST da URL: /auth/admin/login
[2025-06-10 10:18:31] [32minfo[39m: Acessando: OPTIONS da URL: /auth/responsavel/login
[2025-06-10 10:18:31] [32minfo[39m: Acessando: POST da URL: /auth/responsavel/login
[2025-06-10 10:18:31] [32minfo[39m: Acessando: OPTIONS da URL: /auth/aluno/login
[2025-06-10 10:18:31] [32minfo[39m: Acessando: POST da URL: /auth/aluno/login
[2025-06-10 10:18:31] [32minfo[39m: [LOGIN] Aluno autenticado com sucesso (CPF: 777.777.777-77, ID: 4)
[2025-06-10 10:19:04] [32minfo[39m: Acessando: GET da URL: /log/alunoLast/
[2025-06-10 10:19:04] [32minfo[39m: Acessando: GET da URL: /log/alunoLast/777.777.777-77
[2025-06-10 10:19:04] [32minfo[39m: Acessando: GET da URL: /log/alunoLast/
[2025-06-10 10:19:04] [32minfo[39m: Acessando: GET da URL: /log/alunoLast/
[2025-06-10 10:19:04] [32minfo[39m: Acessando: GET da URL: /log/alunoLast/
[2025-06-10 10:19:04] [32minfo[39m: Acessando: GET da URL: /mapa/1
[2025-06-10 10:19:04] [32minfo[39m: Acessando: OPTIONS da URL: /log/onibus
[2025-06-10 10:19:04] [32minfo[39m: Acessando: POST da URL: /log/onibus
[2025-06-10 10:19:09] [32minfo[39m: Acessando: GET da URL: /log/alunoLast/
[2025-06-10 10:19:09] [32minfo[39m: Acessando: GET da URL: /log/alunoLast/
[2025-06-10 10:19:09] [32minfo[39m: Acessando: GET da URL: /log/alunoLast/
[2025-06-10 10:19:09] [32minfo[39m: Acessando: GET da URL: /log/alunoLast/
[2025-06-10 10:19:09] [32minfo[39m: Acessando: GET da URL: /log/alunoLast/777.777.777-77
[2025-06-10 10:19:09] [32minfo[39m: Acessando: GET da URL: /mapa/1
[2025-06-10 10:19:09] [32minfo[39m: Acessando: POST da URL: /log/onibus
[2025-06-10 10:21:41] [32minfo[39m: Acessando: OPTIONS da URL: /log/onibus
[2025-06-10 10:21:41] [32minfo[39m: Acessando: POST da URL: /log/onibus
[2025-06-10 10:21:47] [32minfo[39m: Acessando: OPTIONS da URL: /log/onibus
[2025-06-10 10:21:47] [32minfo[39m: Acessando: POST da URL: /log/onibus
[2025-06-10 10:21:52] [32minfo[39m: Acessando: POST da URL: /log/onibus
[2025-06-10 10:21:53] [32minfo[39m: Acessando: OPTIONS da URL: /log/onibus
[2025-06-10 10:21:53] [32minfo[39m: Acessando: POST da URL: /log/onibus
[2025-06-10 10:22:11] [32minfo[39m: Acessando: OPTIONS da URL: /log/onibus
[2025-06-10 10:22:11] [32minfo[39m: Acessando: POST da URL: /log/onibus
[2025-06-10 10:22:24] [32minfo[39m: Acessando: OPTIONS da URL: /log/onibus
[2025-06-10 10:22:24] [32minfo[39m: Acessando: POST da URL: /log/onibus
[2025-06-10 10:22:24] [32minfo[39m: Acessando: POST da URL: /log/onibus
[2025-06-10 10:22:25] [32minfo[39m: Acessando: POST da URL: /log/onibus
[2025-06-10 10:22:33] [32minfo[39m: Acessando: OPTIONS da URL: /log/onibus
[2025-06-10 10:22:33] [32minfo[39m: Acessando: POST da URL: /log/onibus
[2025-06-10 10:22:33] [32minfo[39m: Acessando: POST da URL: /log/onibus
[2025-06-10 10:22:34] [32minfo[39m: Acessando: POST da URL: /log/onibus
[2025-06-10 10:22:35] [32minfo[39m: Acessando: POST da URL: /log/onibus
[2025-06-10 10:22:35] [32minfo[39m: Acessando: POST da URL: /log/onibus
[2025-06-10 10:22:35] [32minfo[39m: Acessando: POST da URL: /log/onibus
[2025-06-10 10:22:36] [32minfo[39m: Acessando: POST da URL: /log/onibus
[2025-06-10 10:22:40] [32minfo[39m: Acessando: OPTIONS da URL: /log/onibus
[2025-06-10 10:22:40] [32minfo[39m: Acessando: POST da URL: /log/onibus
[2025-06-10 10:22:41] [32minfo[39m: Acessando: POST da URL: /log/onibus
[2025-06-10 10:22:41] [32minfo[39m: Acessando: POST da URL: /log/onibus
[2025-06-10 10:22:53] [32minfo[39m: Acessando: OPTIONS da URL: /log/onibus
[2025-06-10 10:22:53] [32minfo[39m: Acessando: POST da URL: /log/onibus
[2025-06-10 10:22:54] [32minfo[39m: Acessando: POST da URL: /log/onibus
[2025-06-10 10:22:57] [32minfo[39m: Acessando: POST da URL: /log/onibus
[2025-06-10 10:22:58] [32minfo[39m: Acessando: POST da URL: /log/onibus
[2025-06-10 10:24:48] [32minfo[39m: Acessando: OPTIONS da URL: /log/aluno
[2025-06-10 10:24:48] [32minfo[39m: Acessando: POST da URL: /log/aluno
[2025-06-10 10:24:48] [32minfo[39m: Acessando: POST da URL: /log/aluno
[2025-06-10 10:24:49] [32minfo[39m: Acessando: POST da URL: /log/aluno
[2025-06-10 10:24:49] [32minfo[39m: Acessando: POST da URL: /log/aluno
[2025-06-10 10:24:49] [32minfo[39m: Acessando: POST da URL: /log/aluno
[2025-06-10 10:24:50] [32minfo[39m: Acessando: POST da URL: /log/aluno
[2025-06-10 10:24:50] [32minfo[39m: Acessando: POST da URL: /log/aluno
[2025-06-10 10:24:50] [32minfo[39m: Acessando: POST da URL: /log/aluno
[2025-06-10 10:24:50] [32minfo[39m: Acessando: POST da URL: /log/aluno
[2025-06-10 10:25:43] [32minfo[39m: Acessando: GET da URL: /mapa/1
[2025-06-10 10:25:43] [32minfo[39m: Acessando: OPTIONS da URL: /log/onibus
[2025-06-10 10:25:43] [32minfo[39m: Acessando: POST da URL: /log/onibus
[2025-06-10 10:25:43] [32minfo[39m: Acessando: POST da URL: /log/onibus
[2025-06-10 10:26:17] [32minfo[39m: Acessando: GET da URL: /mapa/1
[2025-06-10 10:26:17] [32minfo[39m: Acessando: OPTIONS da URL: /log/onibus
[2025-06-10 10:26:17] [32minfo[39m: Acessando: POST da URL: /log/onibus
[2025-06-10 10:26:17] [32minfo[39m: Acessando: POST da URL: /log/onibus
[2025-06-10 10:26:40] [32minfo[39m: Acessando: GET da URL: /mapa/1
[2025-06-10 10:26:40] [32minfo[39m: Acessando: OPTIONS da URL: /log/onibus
[2025-06-10 10:26:40] [32minfo[39m: Acessando: POST da URL: /log/onibus
[2025-06-10 10:26:40] [32minfo[39m: Acessando: POST da URL: /log/onibus
[2025-06-10 10:26:48] [32minfo[39m: Acessando: GET da URL: /mapa/1
[2025-06-10 10:26:48] [32minfo[39m: Acessando: OPTIONS da URL: /log/onibus
[2025-06-10 10:26:48] [32minfo[39m: Acessando: POST da URL: /log/onibus
[2025-06-10 10:26:48] [32minfo[39m: Acessando: POST da URL: /log/onibus
[2025-06-10 10:26:49] [32minfo[39m: Acessando: GET da URL: /mapa/1
[2025-06-10 10:26:49] [32minfo[39m: Acessando: POST da URL: /log/onibus
[2025-06-10 10:26:49] [32minfo[39m: Acessando: POST da URL: /log/onibus
[2025-06-10 10:26:52] [32minfo[39m: Acessando: GET da URL: /mapa/1
[2025-06-10 10:26:52] [32minfo[39m: Acessando: POST da URL: /log/onibus
[2025-06-10 10:26:52] [32minfo[39m: Acessando: POST da URL: /log/onibus
[2025-06-10 10:26:55] [32minfo[39m: Acessando: GET da URL: /mapa/1
[2025-06-10 10:26:55] [32minfo[39m: Acessando: OPTIONS da URL: /log/onibus
[2025-06-10 10:26:55] [32minfo[39m: Acessando: POST da URL: /log/onibus
[2025-06-10 10:26:55] [32minfo[39m: Acessando: POST da URL: /log/onibus
[2025-06-10 10:26:58] [32minfo[39m: Acessando: GET da URL: /mapa/1
[2025-06-10 10:26:58] [32minfo[39m: Acessando: POST da URL: /log/onibus
[2025-06-10 10:26:58] [32minfo[39m: Acessando: POST da URL: /log/onibus
[2025-06-10 10:29:22] [32minfo[39m: Acessando: GET da URL: /mapa/1
[2025-06-10 10:29:22] [32minfo[39m: Acessando: OPTIONS da URL: /log/onibus
[2025-06-10 10:29:22] [32minfo[39m: Acessando: POST da URL: /log/onibus
[2025-06-10 10:29:22] [32minfo[39m: Acessando: POST da URL: /log/onibus
[2025-06-10 10:29:36] [32minfo[39m: Acessando: GET da URL: /mapa/1
[2025-06-10 10:29:36] [32minfo[39m: Acessando: OPTIONS da URL: /log/onibus
[2025-06-10 10:29:36] [32minfo[39m: Acessando: POST da URL: /log/onibus
[2025-06-10 10:29:36] [32minfo[39m: Acessando: POST da URL: /log/onibus
[2025-06-10 10:29:43] [32minfo[39m: Acessando: GET da URL: /mapa/1
[2025-06-10 10:29:43] [32minfo[39m: Acessando: OPTIONS da URL: /log/onibus
[2025-06-10 10:29:43] [32minfo[39m: Acessando: POST da URL: /log/onibus
[2025-06-10 10:29:43] [32minfo[39m: Acessando: POST da URL: /log/onibus
[2025-06-10 10:29:56] [32minfo[39m: Acessando: GET da URL: /mapa/1
[2025-06-10 10:29:56] [32minfo[39m: Acessando: OPTIONS da URL: /log/onibus
[2025-06-10 10:29:56] [32minfo[39m: Acessando: POST da URL: /log/onibus
[2025-06-10 10:29:56] [32minfo[39m: Acessando: POST da URL: /log/onibus
[2025-06-10 10:30:03] [32minfo[39m: Acessando: GET da URL: /log/alunoLast/
[2025-06-10 10:30:03] [32minfo[39m: Acessando: GET da URL: /mapa/1
[2025-06-10 10:30:03] [32minfo[39m: Acessando: GET da URL: /log/alunoLast/777.777.777-77
[2025-06-10 10:30:03] [32minfo[39m: Acessando: GET da URL: /log/alunoLast/
[2025-06-10 10:30:03] [32minfo[39m: Acessando: GET da URL: /log/alunoLast/
[2025-06-10 10:30:03] [32minfo[39m: Acessando: GET da URL: /log/alunoLast/
[2025-06-10 10:30:03] [32minfo[39m: Acessando: OPTIONS da URL: /log/onibus
[2025-06-10 10:30:03] [32minfo[39m: Acessando: POST da URL: /log/onibus
[2025-06-10 10:30:09] [32minfo[39m: Acessando: OPTIONS da URL: /log/onibus
[2025-06-10 10:30:09] [32minfo[39m: Acessando: POST da URL: /log/onibus
[2025-06-10 10:30:12] [32minfo[39m: Acessando: POST da URL: /log/onibus
[2025-06-10 10:30:14] [32minfo[39m: Acessando: OPTIONS da URL: /log/aluno
[2025-06-10 10:30:14] [32minfo[39m: Acessando: POST da URL: /log/aluno
[2025-06-10 10:30:15] [32minfo[39m: Acessando: POST da URL: /log/aluno
[2025-06-10 10:33:34] [32minfo[39m: Acessando: GET da URL: /mapa/1
[2025-06-10 10:33:34] [32minfo[39m: Acessando: OPTIONS da URL: /log/onibus
[2025-06-10 10:33:34] [32minfo[39m: Acessando: POST da URL: /log/onibus
[2025-06-10 10:33:34] [32minfo[39m: Acessando: POST da URL: /log/onibus
[2025-06-10 10:33:47] [32minfo[39m: Acessando: GET da URL: /mapa/1
[2025-06-10 10:33:47] [32minfo[39m: Acessando: OPTIONS da URL: /log/onibus
[2025-06-10 10:33:47] [32minfo[39m: Acessando: POST da URL: /log/onibus
[2025-06-10 10:33:47] [32minfo[39m: Acessando: POST da URL: /log/onibus
[2025-06-10 10:33:53] [32minfo[39m: Acessando: GET da URL: /mapa/1
[2025-06-10 10:33:53] [32minfo[39m: Acessando: OPTIONS da URL: /log/onibus
[2025-06-10 10:33:53] [32minfo[39m: Acessando: POST da URL: /log/onibus
[2025-06-10 10:33:53] [32minfo[39m: Acessando: POST da URL: /log/onibus
[2025-06-10 10:33:56] [32minfo[39m: Acessando: GET da URL: /mapa/1
[2025-06-10 10:33:56] [32minfo[39m: Acessando: POST da URL: /log/onibus
[2025-06-10 10:33:56] [32minfo[39m: Acessando: POST da URL: /log/onibus
[2025-06-10 10:33:59] [32minfo[39m: Acessando: GET da URL: /mapa/1
[2025-06-10 10:33:59] [32minfo[39m: Acessando: OPTIONS da URL: /log/onibus
[2025-06-10 10:33:59] [32minfo[39m: Acessando: POST da URL: /log/onibus
[2025-06-10 10:33:59] [32minfo[39m: Acessando: POST da URL: /log/onibus
[2025-06-10 10:34:09] [32minfo[39m: Acessando: GET da URL: /mapa/1
[2025-06-10 10:34:09] [32minfo[39m: Acessando: OPTIONS da URL: /log/onibus
[2025-06-10 10:34:09] [32minfo[39m: Acessando: POST da URL: /log/onibus
[2025-06-10 10:34:09] [32minfo[39m: Acessando: POST da URL: /log/onibus
[2025-06-10 10:34:18] [32minfo[39m: Acessando: GET da URL: /mapa/1
[2025-06-10 10:34:18] [32minfo[39m: Acessando: OPTIONS da URL: /log/onibus
[2025-06-10 10:34:18] [32minfo[39m: Acessando: POST da URL: /log/onibus
[2025-06-10 10:34:18] [32minfo[39m: Acessando: POST da URL: /log/onibus
[2025-06-10 10:34:21] [32minfo[39m: Acessando: GET da URL: /mapa/1
[2025-06-10 10:34:21] [32minfo[39m: Acessando: POST da URL: /log/onibus
[2025-06-10 10:34:21] [32minfo[39m: Acessando: POST da URL: /log/onibus
[2025-06-10 10:34:49] [32minfo[39m: Acessando: GET da URL: /mapa/1
[2025-06-10 10:34:49] [32minfo[39m: Acessando: OPTIONS da URL: /log/onibus
[2025-06-10 10:34:49] [32minfo[39m: Acessando: POST da URL: /log/onibus
[2025-06-10 10:34:49] [32minfo[39m: Acessando: POST da URL: /log/onibus
[2025-06-10 10:38:07] [32minfo[39m: Acessando: GET da URL: /mapa/1
[2025-06-10 10:38:07] [32minfo[39m: Acessando: OPTIONS da URL: /log/onibus
[2025-06-10 10:38:07] [32minfo[39m: Acessando: POST da URL: /log/onibus
[2025-06-10 10:38:07] [32minfo[39m: Acessando: POST da URL: /log/onibus
[2025-06-10 10:43:48] [32minfo[39m: Acessando: GET da URL: /mapa/1
[2025-06-10 10:43:48] [32minfo[39m: Acessando: OPTIONS da URL: /log/onibus
[2025-06-10 10:43:48] [32minfo[39m: Acessando: POST da URL: /log/onibus
[2025-06-10 10:43:48] [32minfo[39m: Acessando: POST da URL: /log/onibus
[2025-06-10 10:43:51] [32minfo[39m: Acessando: GET da URL: /mapa/1
[2025-06-10 10:43:51] [32minfo[39m: Acessando: POST da URL: /log/onibus
[2025-06-10 10:43:51] [32minfo[39m: Acessando: POST da URL: /log/onibus
[2025-06-10 10:43:54] [32minfo[39m: Acessando: GET da URL: /mapa/1
[2025-06-10 10:43:54] [32minfo[39m: Acessando: OPTIONS da URL: /log/onibus
[2025-06-10 10:43:54] [32minfo[39m: Acessando: POST da URL: /log/onibus
[2025-06-10 10:43:54] [32minfo[39m: Acessando: POST da URL: /log/onibus
[2025-06-10 10:43:57] [32minfo[39m: Acessando: GET da URL: /mapa/1
[2025-06-10 10:43:57] [32minfo[39m: Acessando: POST da URL: /log/onibus
[2025-06-10 10:43:57] [32minfo[39m: Acessando: POST da URL: /log/onibus
[2025-06-10 10:43:59] [32minfo[39m: Acessando: GET da URL: /mapa/1
[2025-06-10 10:43:59] [32minfo[39m: Acessando: OPTIONS da URL: /log/onibus
[2025-06-10 10:43:59] [32minfo[39m: Acessando: POST da URL: /log/onibus
[2025-06-10 10:43:59] [32minfo[39m: Acessando: POST da URL: /log/onibus
[2025-06-10 10:44:03] [32minfo[39m: Acessando: GET da URL: /mapa/1
[2025-06-10 10:44:03] [32minfo[39m: Acessando: POST da URL: /log/onibus
[2025-06-10 10:44:03] [32minfo[39m: Acessando: POST da URL: /log/onibus
[2025-06-10 10:44:06] [32minfo[39m: Acessando: GET da URL: /mapa/1
[2025-06-10 10:44:06] [32minfo[39m: Acessando: OPTIONS da URL: /log/onibus
[2025-06-10 10:44:06] [32minfo[39m: Acessando: POST da URL: /log/onibus
[2025-06-10 10:44:06] [32minfo[39m: Acessando: POST da URL: /log/onibus
[2025-06-10 10:44:09] [32minfo[39m: Acessando: GET da URL: /mapa/1
[2025-06-10 10:44:09] [32minfo[39m: Acessando: POST da URL: /log/onibus
[2025-06-10 10:44:09] [32minfo[39m: Acessando: POST da URL: /log/onibus
[2025-06-10 10:44:11] [32minfo[39m: Acessando: GET da URL: /mapa/1
[2025-06-10 10:44:11] [32minfo[39m: Acessando: OPTIONS da URL: /log/onibus
[2025-06-10 10:44:11] [32minfo[39m: Acessando: POST da URL: /log/onibus
[2025-06-10 10:44:11] [32minfo[39m: Acessando: POST da URL: /log/onibus
[2025-06-10 10:44:14] [32minfo[39m: Acessando: GET da URL: /mapa/1
[2025-06-10 10:44:14] [32minfo[39m: Acessando: POST da URL: /log/onibus
[2025-06-10 10:44:14] [32minfo[39m: Acessando: POST da URL: /log/onibus
[2025-06-10 10:44:19] [32minfo[39m: Acessando: GET da URL: /mapa/1
[2025-06-10 10:44:19] [32minfo[39m: Acessando: OPTIONS da URL: /log/onibus
[2025-06-10 10:44:19] [32minfo[39m: Acessando: POST da URL: /log/onibus
[2025-06-10 10:44:19] [32minfo[39m: Acessando: POST da URL: /log/onibus
[2025-06-10 10:44:21] [32minfo[39m: Acessando: GET da URL: /mapa/1
[2025-06-10 10:44:21] [32minfo[39m: Acessando: POST da URL: /log/onibus
[2025-06-10 10:44:21] [32minfo[39m: Acessando: POST da URL: /log/onibus
[2025-06-10 10:44:23] [32minfo[39m: Acessando: GET da URL: /mapa/1
[2025-06-10 10:44:23] [32minfo[39m: Acessando: POST da URL: /log/onibus
[2025-06-10 10:44:23] [32minfo[39m: Acessando: POST da URL: /log/onibus
[2025-06-10 10:44:25] [32minfo[39m: Acessando: GET da URL: /mapa/1
[2025-06-10 10:44:25] [32minfo[39m: Acessando: OPTIONS da URL: /log/onibus
[2025-06-10 10:44:25] [32minfo[39m: Acessando: POST da URL: /log/onibus
[2025-06-10 10:44:25] [32minfo[39m: Acessando: POST da URL: /log/onibus
[2025-06-10 10:44:30] [32minfo[39m: Acessando: GET da URL: /mapa/1
[2025-06-10 10:44:30] [32minfo[39m: Acessando: POST da URL: /log/onibus
[2025-06-10 10:44:30] [32minfo[39m: Acessando: POST da URL: /log/onibus
[2025-06-10 10:44:32] [32minfo[39m: Acessando: GET da URL: /mapa/1
[2025-06-10 10:44:32] [32minfo[39m: Acessando: OPTIONS da URL: /log/onibus
[2025-06-10 10:44:32] [32minfo[39m: Acessando: POST da URL: /log/onibus
[2025-06-10 10:44:32] [32minfo[39m: Acessando: POST da URL: /log/onibus
[2025-06-10 10:44:36] [32minfo[39m: Acessando: GET da URL: /mapa/1
[2025-06-10 10:44:36] [32minfo[39m: Acessando: POST da URL: /log/onibus
[2025-06-10 10:44:36] [32minfo[39m: Acessando: POST da URL: /log/onibus
[2025-06-10 10:44:42] [32minfo[39m: Acessando: GET da URL: /mapa/1
[2025-06-10 10:44:42] [32minfo[39m: Acessando: OPTIONS da URL: /log/onibus
[2025-06-10 10:44:42] [32minfo[39m: Acessando: POST da URL: /log/onibus
[2025-06-10 10:44:42] [32minfo[39m: Acessando: POST da URL: /log/onibus
[2025-06-10 10:44:46] [32minfo[39m: Acessando: GET da URL: /mapa/1
[2025-06-10 10:44:46] [32minfo[39m: Acessando: POST da URL: /log/onibus
[2025-06-10 10:44:46] [32minfo[39m: Acessando: POST da URL: /log/onibus
[2025-06-10 10:44:51] [32minfo[39m: Acessando: GET da URL: /mapa/1
[2025-06-10 10:44:51] [32minfo[39m: Acessando: OPTIONS da URL: /log/onibus
[2025-06-10 10:44:51] [32minfo[39m: Acessando: POST da URL: /log/onibus
[2025-06-10 10:44:51] [32minfo[39m: Acessando: POST da URL: /log/onibus
[2025-06-10 10:44:55] [32minfo[39m: Acessando: GET da URL: /mapa/1
[2025-06-10 10:44:55] [32minfo[39m: Acessando: POST da URL: /log/onibus
[2025-06-10 10:44:55] [32minfo[39m: Acessando: POST da URL: /log/onibus
[2025-06-10 10:45:07] [32minfo[39m: Acessando: GET da URL: /mapa/1
[2025-06-10 10:45:07] [32minfo[39m: Acessando: OPTIONS da URL: /log/onibus
[2025-06-10 10:45:07] [32minfo[39m: Acessando: POST da URL: /log/onibus
[2025-06-10 10:45:07] [32minfo[39m: Acessando: POST da URL: /log/onibus
[2025-06-10 10:45:15] [32minfo[39m: Acessando: GET da URL: /mapa/1
[2025-06-10 10:45:15] [32minfo[39m: Acessando: OPTIONS da URL: /log/onibus
[2025-06-10 10:45:15] [32minfo[39m: Acessando: POST da URL: /log/onibus
[2025-06-10 10:45:15] [32minfo[39m: Acessando: POST da URL: /log/onibus
[2025-06-10 10:45:22] [32minfo[39m: Acessando: GET da URL: /mapa/1
[2025-06-10 10:45:22] [32minfo[39m: Acessando: OPTIONS da URL: /log/onibus
[2025-06-10 10:45:22] [32minfo[39m: Acessando: POST da URL: /log/onibus
[2025-06-10 10:45:22] [32minfo[39m: Acessando: POST da URL: /log/onibus
[2025-06-10 10:45:30] [32minfo[39m: Acessando: GET da URL: /mapa/1
[2025-06-10 10:45:30] [32minfo[39m: Acessando: OPTIONS da URL: /log/onibus
[2025-06-10 10:45:30] [32minfo[39m: Acessando: POST da URL: /log/onibus
[2025-06-10 10:45:30] [32minfo[39m: Acessando: POST da URL: /log/onibus
[2025-06-10 10:46:05] [32minfo[39m: Acessando: GET da URL: /mapa/1
[2025-06-10 10:46:05] [32minfo[39m: Acessando: OPTIONS da URL: /log/onibus
[2025-06-10 10:46:05] [32minfo[39m: Acessando: POST da URL: /log/onibus
[2025-06-10 10:46:05] [32minfo[39m: Acessando: POST da URL: /log/onibus
[2025-06-10 10:46:10] [32minfo[39m: Acessando: OPTIONS da URL: /log/aluno
[2025-06-10 10:46:10] [32minfo[39m: Acessando: POST da URL: /log/aluno
[2025-06-10 10:46:11] [32minfo[39m: Acessando: POST da URL: /log/aluno
[2025-06-10 10:46:12] [32minfo[39m: Acessando: POST da URL: /log/aluno
[2025-06-10 10:46:13] [32minfo[39m: Acessando: POST da URL: /log/aluno
[2025-06-10 10:46:13] [32minfo[39m: Acessando: POST da URL: /log/aluno
[2025-06-10 10:46:14] [32minfo[39m: Acessando: POST da URL: /log/aluno
[2025-06-10 10:46:14] [32minfo[39m: Acessando: POST da URL: /log/aluno
[2025-06-10 10:46:15] [32minfo[39m: Acessando: POST da URL: /log/aluno
[2025-06-10 10:46:16] [32minfo[39m: Acessando: OPTIONS da URL: /log/aluno
[2025-06-10 10:46:16] [32minfo[39m: Acessando: POST da URL: /log/aluno
[2025-06-10 10:46:16] [32minfo[39m: Acessando: POST da URL: /log/aluno
[2025-06-10 10:51:36] [32minfo[39m: Acessando: GET da URL: /log/alunoLast/
[2025-06-10 10:51:36] [32minfo[39m: Acessando: GET da URL: /log/alunoLast/
[2025-06-10 10:51:36] [32minfo[39m: Acessando: GET da URL: /log/alunoLast/
[2025-06-10 10:51:36] [32minfo[39m: Acessando: GET da URL: /log/alunoLast/
[2025-06-10 10:51:36] [32minfo[39m: Acessando: GET da URL: /log/alunoLast/777.777.777-77
[2025-06-10 10:51:36] [32minfo[39m: Acessando: GET da URL: /mapa/1
[2025-06-10 10:51:36] [32minfo[39m: Acessando: OPTIONS da URL: /log/onibus
[2025-06-10 10:51:36] [32minfo[39m: Acessando: POST da URL: /log/onibus
[2025-06-10 10:54:21] [32minfo[39m: Acessando: GET da URL: /mapa/1
[2025-06-10 10:54:21] [32minfo[39m: Acessando: OPTIONS da URL: /log/onibus
[2025-06-10 10:54:21] [32minfo[39m: Acessando: POST da URL: /log/onibus
