[2025-06-07 16:25:06] [32minfo[39m: Acessando: GET da URL: /responsaveis
[2025-06-07 16:27:24] [32minfo[39m: Acessando: GET da URL: /responsaveis
[2025-06-07 16:28:34] [32minfo[39m: Acessando: GET da URL: /responsaveis
[2025-06-07 16:28:42] [32minfo[39m: Acessando: GET da URL: /admin
[2025-06-07 16:28:49] [32minfo[39m: Acessando: GET da URL: /responsavel
[2025-06-07 16:28:50] [32minfo[39m: Acessando: GET da URL: /admin
[2025-06-07 16:28:54] [32minfo[39m: Acessando: GET da URL: /aluno
[2025-06-07 16:28:54] [32minfo[39m: Acessando: GET da URL: /responsavel
[2025-06-07 16:28:54] [32minfo[39m: Acessando: GET da URL: /admin
[2025-06-07 16:28:54] [32minfo[39m: Acessando: GET da URL: /motorista
[2025-06-07 16:28:54] [32minfo[39m: Acessando: GET da URL: /veiculo
[2025-06-07 16:28:54] [32minfo[39m: Acessando: GET da URL: /rota
[2025-06-07 16:28:54] [32minfo[39m: Acessando: GET da URL: /contato/0
[2025-06-07 16:28:54] [32minfo[39m: Acessando: GET da URL: /admin
[2025-06-07 16:29:01] [32minfo[39m: Acessando: GET da URL: /aluno
[2025-06-07 16:29:01] [32minfo[39m: Acessando: GET da URL: /responsavel
[2025-06-07 16:29:01] [32minfo[39m: Acessando: GET da URL: /admin
[2025-06-07 16:29:01] [32minfo[39m: Acessando: GET da URL: /motorista
[2025-06-07 16:29:01] [32minfo[39m: Acessando: GET da URL: /veiculo
[2025-06-07 16:29:01] [32minfo[39m: Acessando: GET da URL: /rota
[2025-06-07 16:29:01] [32minfo[39m: Acessando: GET da URL: /contato/0
[2025-06-07 16:29:02] [32minfo[39m: Acessando: GET da URL: /admin
[2025-06-07 16:29:05] [32minfo[39m: Acessando: GET da URL: /admin
[2025-06-07 16:29:52] [32minfo[39m: Acessando: GET da URL: /aluno
[2025-06-07 16:29:52] [32minfo[39m: Acessando: GET da URL: /responsavel
[2025-06-07 16:29:52] [32minfo[39m: Acessando: GET da URL: /admin
[2025-06-07 16:29:52] [32minfo[39m: Acessando: GET da URL: /motorista
[2025-06-07 16:29:52] [32minfo[39m: Acessando: GET da URL: /veiculo
[2025-06-07 16:29:52] [32minfo[39m: Acessando: GET da URL: /rota
[2025-06-07 16:29:52] [32minfo[39m: Acessando: GET da URL: /contato/0
[2025-06-07 16:29:54] [32minfo[39m: Acessando: GET da URL: /aluno
[2025-06-07 16:34:07] [32minfo[39m: Acessando: GET da URL: /responsaveis
[2025-06-07 16:34:27] [32minfo[39m: Acessando: GET da URL: /aluno
